<?xml version="1.0" encoding="UTF-8"?>
<!-- Generated by org.testng.reporters.JUnitReportReporter -->
<testsuite skipped="0" hostname="BDC4-D-5S1XQG2" name="com.acc.selenium_day1.cookie" tests="1" failures="0" timestamp="19 Sep 2018 05:25:18 GMT" time="42.266" errors="0">
  <testcase name="testcase10" time="42.266" classname="com.acc.selenium_day1.cookie"/>
</testsuite> <!-- com.acc.selenium_day1.cookie -->
